INFO:root:Number of train datapoints is 1037
INFO:root:Number of samples in train dataset 1037
DEBUG:root:Starting training
DEBUG:root:Epoch 0
DEBUG:root:Critic training done in epoch 0
DEBUG:root:Encoder decoder training done in epoch 0
DEBUG:root:critic x loss 0.058 critic z loss 0.257 
encoder loss -0.006 decoder loss -0.175

INFO:root:Number of train datapoints is 1037
INFO:root:Number of samples in train dataset 1037
DEBUG:root:Starting training
DEBUG:root:Epoch 0
DEBUG:root:Critic training done in epoch 0
DEBUG:root:Encoder decoder training done in epoch 0
DEBUG:root:critic x loss -0.039 critic z loss 0.214 
encoder loss 0.092 decoder loss -0.136

INFO:root:Number of train datapoints is 1037
INFO:root:Number of samples in train dataset 1037
DEBUG:root:Starting training
DEBUG:root:Epoch 0
DEBUG:root:Critic training done in epoch 0
DEBUG:root:Encoder decoder training done in epoch 0
DEBUG:root:critic x loss 0.081 critic z loss -0.052 
encoder loss -0.025 decoder loss 0.152

INFO:root:Number of train datapoints is 1037
INFO:root:Number of samples in train dataset 1037
DEBUG:root:Starting training
DEBUG:root:Epoch 0
DEBUG:root:Critic training done in epoch 0
DEBUG:root:Encoder decoder training done in epoch 0
DEBUG:root:critic x loss 0.005 critic z loss 0.269 
encoder loss 0.046 decoder loss -0.182

